<?xml version="1.0" encoding="UTF-8"?>
<!-- Generated by org.testng.reporters.JUnitReportReporter -->
<testsuite hostname="DESKTOP-F61H9BC" failures="0" tests="1" name="verificationUsing_TestNG.TestCase1" time="26.547" errors="0" timestamp="2022-11-20T22:59:55 IST" skipped="0">
  <testcase classname="verificationUsing_TestNG.TestCase1" name="verifyCheckBoxStatus" time="26.547"/>
  <system-out>
    <![CDATA[check Box 1 is not selected TC is failed]]>
  </system-out>
</testsuite> <!-- verificationUsing_TestNG.TestCase1 -->
