<?xml version="1.0" encoding="UTF-8"?>
<!-- Generated by org.testng.reporters.JUnitReportReporter -->
<testsuite hostname="DESKTOP-F61H9BC" failures="0" tests="2" name="testNG_XML.Testing2" time="0.008" errors="0" timestamp="2022-11-19T23:38:12 IST" skipped="0">
  <testcase classname="testNG_XML.Testing2" name="F" time="0.002"/>
  <system-out>
    <![CDATA[F method is running]]>
  </system-out>
  <testcase classname="testNG_XML.Testing2" name="H" time="0.006"/>
  <system-out>
    <![CDATA[H method is running]]>
  </system-out>
</testsuite> <!-- testNG_XML.Testing2 -->
