<?xml version="1.0" encoding="UTF-8"?>
<!-- Generated by org.testng.reporters.JUnitReportReporter -->
<testsuite hostname="DESKTOP-F61H9BC" failures="0" tests="1" name="testNG_XML.GroupTesting1" time="0.015" errors="0" timestamp="2022-11-20T00:05:46 IST" skipped="0">
  <testcase classname="testNG_XML.GroupTesting1" name="A" time="0.015"/>
  <system-out>
    <![CDATA[A method is running]]>
  </system-out>
</testsuite> <!-- testNG_XML.GroupTesting1 -->
