<?xml version="1.0" encoding="UTF-8"?>
<!-- Generated by org.testng.reporters.JUnitReportReporter -->
<testsuite hostname="DESKTOP-F61H9BC" failures="0" tests="1" name="verificationUsing_TestNG.AssertNull_Method5" time="0.025" errors="0" timestamp="2022-11-21T13:56:13 IST" skipped="0">
  <testcase classname="verificationUsing_TestNG.AssertNull_Method5" name="testCase1" time="0.025"/>
  <system-out/>
</testsuite> <!-- verificationUsing_TestNG.AssertNull_Method5 -->
