<?xml version="1.0" encoding="UTF-8"?>
<!-- Generated by org.testng.reporters.JUnitReportReporter -->
<testsuite hostname="DESKTOP-F61H9BC" failures="0" tests="5" name="testNGKeyWords.InvocationCount" time="0.046" errors="0" timestamp="2022-11-16T13:43:18 IST" skipped="0">
  <testcase classname="testNGKeyWords.InvocationCount" name="myMethod" time="0.001"/>
  <system-out>
    <![CDATA[My method is running]]>
  </system-out>
  <testcase classname="testNGKeyWords.InvocationCount" name="myMethod" time="0.003"/>
  <system-out>
    <![CDATA[My method is running]]>
  </system-out>
  <testcase classname="testNGKeyWords.InvocationCount" name="myMethod" time="0.003"/>
  <system-out>
    <![CDATA[My method is running]]>
  </system-out>
  <testcase classname="testNGKeyWords.InvocationCount" name="myMethod" time="0.004"/>
  <system-out>
    <![CDATA[My method is running]]>
  </system-out>
  <testcase classname="testNGKeyWords.InvocationCount" name="myMethod" time="0.035"/>
  <system-out>
    <![CDATA[My method is running]]>
  </system-out>
</testsuite> <!-- testNGKeyWords.InvocationCount -->
