<?xml version="1.0" encoding="UTF-8"?>
<!-- Generated by org.testng.reporters.JUnitReportReporter -->
<testsuite hostname="DESKTOP-F61H9BC" failures="0" tests="2" name="testNGStudy.NormalClass" time="40.197" errors="0" timestamp="2022-11-19T14:39:49 IST" skipped="0">
  <testcase classname="testNGStudy.NormalClass" name="f" time="14.147"/>
  <system-out/>
  <testcase classname="testNGStudy.NormalClass" name="f1" time="26.050"/>
  <system-out/>
</testsuite> <!-- testNGStudy.NormalClass -->
