<?xml version="1.0" encoding="UTF-8"?>
<!-- Generated by org.testng.reporters.JUnitReportReporter -->
<testsuite hostname="DESKTOP-F61H9BC" failures="0" tests="2" name="neoStoxTestclasses.ValidateNeoStoxUserName" time="60.620" errors="0" timestamp="2022-12-05T20:38:13 IST" skipped="0">
  <testcase classname="neoStoxTestclasses.ValidateNeoStoxUserName" name="validateUserID" time="42.870"/>
  <system-out>
    <![CDATA[Wating for1000ms
getting Actual user name
actual user name is Reshma Gore
reading data from excel
Wating for1000ms
getting Actual user name
actual user name is Reshma Gore
Wating for500ms
taking screenshot]]>
  </system-out>
  <testcase classname="neoStoxTestclasses.ValidateNeoStoxUserName" name="validateAccBalance" time="17.750"/>
  <system-out>
    <![CDATA[Wating for1000ms
geting account balance
My account balance is Rs.5,00,000.00
Wating for1000ms
geting account balance
My account balance is Rs.5,00,000.00
Wating for500ms
taking screenshot]]>
  </system-out>
</testsuite> <!-- neoStoxTestclasses.ValidateNeoStoxUserName -->
