<?xml version="1.0" encoding="UTF-8"?>
<!-- Generated by org.testng.reporters.JUnitReportReporter -->
<testsuite hostname="DESKTOP-F61H9BC" failures="0" tests="1" name="testNGStudy.TestNGAnnotations" time="0.021" errors="0" timestamp="2022-11-16T13:38:28 IST" skipped="0">
  <testcase classname="testNGStudy.TestNGAnnotations" name="myTest" time="0.021"/>
  <system-out>
    <![CDATA[Hi this is MyTest]]>
  </system-out>
</testsuite> <!-- testNGStudy.TestNGAnnotations -->
