<?xml version="1.0" encoding="UTF-8"?>
<!-- Generated by org.testng.reporters.JUnitReportReporter -->
<testsuite hostname="DESKTOP-F61H9BC" failures="0" tests="1" name="verificationUsing_TestNG.AssertNotEquals_method2" time="0.021" errors="0" timestamp="2022-11-21T13:31:14 IST" skipped="0">
  <testcase classname="verificationUsing_TestNG.AssertNotEquals_method2" name="Test2" time="0.021"/>
  <system-out/>
</testsuite> <!-- verificationUsing_TestNG.AssertNotEquals_method2 -->
