<?xml version="1.0" encoding="UTF-8"?>
<!-- Generated by org.testng.reporters.JUnitReportReporter -->
<testsuite hostname="DESKTOP-F61H9BC" failures="0" tests="4" name="testNGKeyWords.Priority" time="0.049" errors="0" timestamp="2022-11-16T13:48:24 IST" skipped="0">
  <testcase classname="testNGKeyWords.Priority" name="C" time="0.029"/>
  <system-out>
    <![CDATA[C method is running]]>
  </system-out>
  <testcase classname="testNGKeyWords.Priority" name="D" time="0.006"/>
  <system-out>
    <![CDATA[D method is running]]>
  </system-out>
  <testcase classname="testNGKeyWords.Priority" name="B" time="0.011"/>
  <system-out>
    <![CDATA[B method is running]]>
  </system-out>
  <testcase classname="testNGKeyWords.Priority" name="A" time="0.003"/>
  <system-out>
    <![CDATA[A method is running]]>
  </system-out>
</testsuite> <!-- testNGKeyWords.Priority -->
