<?xml version="1.0" encoding="UTF-8"?>
<!-- Generated by org.testng.reporters.JUnitReportReporter -->
<testsuite hostname="DESKTOP-F61H9BC" failures="0" tests="3" name="testNG_XML.GroupTesting2" time="0.014" errors="0" timestamp="2022-11-20T00:05:46 IST" skipped="0">
  <testcase classname="testNG_XML.GroupTesting2" name="F" time="0.004"/>
  <system-out>
    <![CDATA[F method is running ]]>
  </system-out>
  <testcase classname="testNG_XML.GroupTesting2" name="G" time="0.006"/>
  <system-out>
    <![CDATA[G method is running ]]>
  </system-out>
  <testcase classname="testNG_XML.GroupTesting2" name="H" time="0.004"/>
  <system-out>
    <![CDATA[H method is running ]]>
  </system-out>
</testsuite> <!-- testNG_XML.GroupTesting2 -->
