<?xml version="1.0" encoding="UTF-8"?>
<!-- Generated by org.testng.reporters.JUnitReportReporter -->
<testsuite hostname="DESKTOP-F61H9BC" failures="0" tests="1" name="serial_Parallel_Execution.TestCase1" time="13.908" errors="0" timestamp="2022-11-20T16:02:11 IST" skipped="0">
  <testcase classname="serial_Parallel_Execution.TestCase1" name="paytm" time="13.908"/>
  <system-out/>
</testsuite> <!-- serial_Parallel_Execution.TestCase1 -->
