<?xml version="1.0" encoding="UTF-8"?>
<!-- Generated by org.testng.reporters.JUnitReportReporter -->
<testsuite hostname="DESKTOP-F61H9BC" failures="0" tests="2" name="testNG_XML.Testing1" time="0.022" errors="0" timestamp="2022-11-19T23:38:12 IST" skipped="0">
  <testcase classname="testNG_XML.Testing1" name="A" time="0.017"/>
  <system-out>
    <![CDATA[A method is running]]>
  </system-out>
  <testcase classname="testNG_XML.Testing1" name="C" time="0.005"/>
  <system-out>
    <![CDATA[C method is running]]>
  </system-out>
</testsuite> <!-- testNG_XML.Testing1 -->
