<?xml version="1.0" encoding="UTF-8"?>
<!-- Generated by org.testng.reporters.JUnitReportReporter -->
<testsuite hostname="DESKTOP-F61H9BC" failures="0" tests="1" name="testNGStudy.ValidateUserID" time="0.010" errors="0" timestamp="2022-11-16T12:56:56 IST" skipped="0">
  <testcase classname="testNGStudy.ValidateUserID" name="validateUpStoxUserID" time="0.010"/>
  <system-out>
    <![CDATA[User ID validated]]>
  </system-out>
</testsuite> <!-- testNGStudy.ValidateUserID -->
