<?xml version="1.0" encoding="UTF-8"?>
<!-- Generated by org.testng.reporters.JUnitReportReporter -->
<testsuite hostname="DESKTOP-F61H9BC" failures="0" tests="4" name="testNGKeyWords.Enabled" time="0.022" errors="0" timestamp="2022-11-16T13:53:08 IST" skipped="1">
  <testcase classname="testNGKeyWords.Enabled" name="A" time="0.018"/>
  <system-out>
    <![CDATA[A method is running]]>
  </system-out>
  <testcase classname="testNGKeyWords.Enabled" name="B" time="0.002"/>
  <system-out>
    <![CDATA[B method is running]]>
  </system-out>
  <testcase classname="testNGKeyWords.Enabled" name="D" time="0.002"/>
  <system-out>
    <![CDATA[D method is running]]>
  </system-out>
  <testcase classname="testNGKeyWords.Enabled" name="C">
    <skipped/>
  </testcase> <!-- C -->
  <system-out/>
</testsuite> <!-- testNGKeyWords.Enabled -->
